120110 22:03:11 [Note] Plugin 'FEDERATED' is disabled.
120110 22:03:11 InnoDB: The InnoDB memory heap is disabled
120110 22:03:11 InnoDB: Mutexes and rw_locks use Windows interlocked functions
120110 22:03:11 InnoDB: Compressed tables use zlib 1.2.3
120110 22:03:11 InnoDB: Initializing buffer pool, size = 16.0M
120110 22:03:11 InnoDB: Completed initialization of buffer pool
InnoDB: The first specified data file \xampp\mysql\data\ibdata1 did not exist:
InnoDB: a new database to be created!
120110 22:03:11  InnoDB: Setting file \xampp\mysql\data\ibdata1 size to 10 MB
InnoDB: Database physically writes the file full: wait...
120110 22:03:12  InnoDB: Log file \xampp\mysql\data\ib_logfile0 did not exist: new to be created
InnoDB: Setting log file \xampp\mysql\data\ib_logfile0 size to 5 MB
InnoDB: Database physically writes the file full: wait...
120110 22:03:12  InnoDB: Log file \xampp\mysql\data\ib_logfile1 did not exist: new to be created
InnoDB: Setting log file \xampp\mysql\data\ib_logfile1 size to 5 MB
InnoDB: Database physically writes the file full: wait...
InnoDB: Doublewrite buffer not found: creating new
InnoDB: Doublewrite buffer created
InnoDB: 127 rollback segment(s) active.
InnoDB: Creating foreign key constraint system tables
InnoDB: Foreign key constraint system tables created
120110 22:03:13  InnoDB: Waiting for the background threads to start
120110 22:03:14 InnoDB: 1.1.8 started; log sequence number 0
120110 22:03:16 [Note] Event Scheduler: Loaded 0 events
120110 22:03:16 [Note] mysql\bin\mysqld.exe: ready for connections.
Version: '5.5.16'  socket: ''  port: 3306  MySQL Community Server (GPL)
120322 19:29:02 [Note] Plugin 'FEDERATED' is disabled.
120322 19:29:02 InnoDB: The InnoDB memory heap is disabled
120322 19:29:02 InnoDB: Mutexes and rw_locks use Windows interlocked functions
120322 19:29:02 InnoDB: Compressed tables use zlib 1.2.3
120322 19:29:02 InnoDB: Initializing buffer pool, size = 16.0M
120322 19:29:02 InnoDB: Completed initialization of buffer pool
120322 19:29:02 InnoDB: highest supported file format is Barracuda.
InnoDB: The log sequence number in ibdata files does not match
InnoDB: the log sequence number in the ib_logfiles!
120322 19:29:02  InnoDB: Database was not shut down normally!
InnoDB: Starting crash recovery.
InnoDB: Reading tablespace information from the .ibd files...
InnoDB: Restoring possible half-written data pages from the doublewrite
InnoDB: buffer...
120322 19:29:02  InnoDB: Waiting for the background threads to start
120322 19:29:03 InnoDB: 1.1.8 started; log sequence number 1595675
120322 19:29:04 [Note] Event Scheduler: Loaded 0 events
120322 19:29:04 [Note] mysql\bin\mysqld.exe: ready for connections.
Version: '5.5.16'  socket: ''  port: 3306  MySQL Community Server (GPL)
120322 20:38:08 [Note] Plugin 'FEDERATED' is disabled.
120322 20:38:08 InnoDB: The InnoDB memory heap is disabled
120322 20:38:08 InnoDB: Mutexes and rw_locks use Windows interlocked functions
120322 20:38:08 InnoDB: Compressed tables use zlib 1.2.3
120322 20:38:08 InnoDB: Initializing buffer pool, size = 16.0M
120322 20:38:08 InnoDB: Completed initialization of buffer pool
120322 20:38:08 InnoDB: highest supported file format is Barracuda.
InnoDB: The log sequence number in ibdata files does not match
InnoDB: the log sequence number in the ib_logfiles!
120322 20:38:08  InnoDB: Database was not shut down normally!
InnoDB: Starting crash recovery.
InnoDB: Reading tablespace information from the .ibd files...
InnoDB: Restoring possible half-written data pages from the doublewrite
InnoDB: buffer...
120322 20:38:08  InnoDB: Waiting for the background threads to start
120322 20:38:09 InnoDB: 1.1.8 started; log sequence number 1595675
120322 20:38:11 [Note] Event Scheduler: Loaded 0 events
120322 20:38:11 [Note] mysql\bin\mysqld.exe: ready for connections.
Version: '5.5.16'  socket: ''  port: 3306  MySQL Community Server (GPL)
120322 20:39:27 [Note] Plugin 'FEDERATED' is disabled.
120322 20:39:27 InnoDB: The InnoDB memory heap is disabled
120322 20:39:27 InnoDB: Mutexes and rw_locks use Windows interlocked functions
120322 20:39:27 InnoDB: Compressed tables use zlib 1.2.3
120322 20:39:27 InnoDB: Initializing buffer pool, size = 16.0M
120322 20:39:27 InnoDB: Completed initialization of buffer pool
120322 20:39:27 InnoDB: highest supported file format is Barracuda.
InnoDB: The log sequence number in ibdata files does not match
InnoDB: the log sequence number in the ib_logfiles!
120322 20:39:27  InnoDB: Database was not shut down normally!
InnoDB: Starting crash recovery.
InnoDB: Reading tablespace information from the .ibd files...
InnoDB: Restoring possible half-written data pages from the doublewrite
InnoDB: buffer...
120322 20:39:28  InnoDB: Waiting for the background threads to start
120322 20:39:29 InnoDB: 1.1.8 started; log sequence number 1595675
120322 20:39:29 [Note] Event Scheduler: Loaded 0 events
120322 20:39:29 [Note] mysql\bin\mysqld.exe: ready for connections.
Version: '5.5.16'  socket: ''  port: 3306  MySQL Community Server (GPL)
120322 20:44:53 [Note] Plugin 'FEDERATED' is disabled.
120322 20:44:53 InnoDB: The InnoDB memory heap is disabled
120322 20:44:53 InnoDB: Mutexes and rw_locks use Windows interlocked functions
120322 20:44:53 InnoDB: Compressed tables use zlib 1.2.3
120322 20:44:54 InnoDB: Initializing buffer pool, size = 16.0M
120322 20:44:54 InnoDB: Completed initialization of buffer pool
120322 20:44:54 InnoDB: highest supported file format is Barracuda.
InnoDB: The log sequence number in ibdata files does not match
InnoDB: the log sequence number in the ib_logfiles!
120322 20:44:54  InnoDB: Database was not shut down normally!
InnoDB: Starting crash recovery.
InnoDB: Reading tablespace information from the .ibd files...
InnoDB: Restoring possible half-written data pages from the doublewrite
InnoDB: buffer...
120322 20:44:54  InnoDB: Waiting for the background threads to start
120322 20:44:55 InnoDB: 1.1.8 started; log sequence number 1595675
120322 20:44:55 [Note] Event Scheduler: Loaded 0 events
120322 20:44:55 [Note] mysql\bin\mysqld.exe: ready for connections.
Version: '5.5.16'  socket: ''  port: 3306  MySQL Community Server (GPL)
